--- Job flex2gdx Start 05/26/15 23:26:24 24.4.2 r51415 WEX-WEI x86 64bit/MS Windows
GAMS 24.4.2   Copyright (C) 1987-2015 GAMS Development. All rights reserved
Licensee: Thomas F. Rutherford                           G140903/0001AO-WIN
          University of Wisconsin-Madison, Agricultural & Applied EcoDC9899
          License for teaching and research at degree granting institutions
--- Starting compilation
--- flex2gdx.gms(54) 2 Mb
--- call gams setx gdx=setx
--- flex2gdx.gms(57) 2 Mb
--- GDXin=d:\ec.lochalpineeconomics.com\gtap\gtap9\build\setx.gdx
--- flex2gdx.gms(60) 3 Mb
--- call del /q setx.*
--- flex2gdx.gms(337) 3 Mb
--- GDXin=d:\ec.lochalpineeconomics.com\gtap\gtap9\data07\gsdset.gdx
--- flex2gdx.gms(392) 3 Mb
--- GDXin=d:\ec.lochalpineeconomics.com\gtap\gtap9\data07\gsddat.gdx
--- flex2gdx.gms(407) 261 Mb
--- GDXin=d:\ec.lochalpineeconomics.com\gtap\gtap9\data07\gsdpar.gdx
--- flex2gdx.gms(418) 262 Mb
--- GDXin=d:\ec.lochalpineeconomics.com\gtap\gtap9\data07\gsdemiss.gdx
--- flex2gdx.gms(528) 264 Mb
--- GDXin=d:\ec.lochalpineeconomics.com\gtap\gtap9\data07\gsdvole.gdx
--- flex2gdx.gms(716) 272 Mb
--- Starting execution: elapsed 0:00:01.709
--- flex2gdx.gms(691) 462 Mb
*** Status: Normal completion
--- Job flex2gdx.gms Stop 05/26/15 23:26:30 elapsed 0:00:05.721
