--- Job gtapaggr Start 05/26/15 23:29:56 24.4.2 r51415 WEX-WEI x86 64bit/MS Windows
GAMS 24.4.2   Copyright (C) 1987-2015 GAMS Development. All rights reserved
Licensee: Thomas F. Rutherford                           G140903/0001AO-WIN
          University of Wisconsin-Madison, Agricultural & Applied EcoDC9899
          License for teaching and research at degree granting institutions
--- Starting compilation
--- gtapaggr.gms(8) 2 Mb
--- .gtap8data.gms(15) 2 Mb
--- GDXin=d:\ec.lochalpineeconomics.com\gtap\gtap9\data11\gtap9ingams_001.gdx
--- .gtap8data.gms(185) 78 Mb
--- gtapaggr.gms(9) 78 Mb
--- .implan.map(81) 78 Mb
--- gtapaggr.gms(61) 78 Mb
--- .aggr.gms(125) 78 Mb
--- ..checkset.gms(82) 78 Mb
--- .aggr.gms(158) 78 Mb
--- ..checkset.gms(82) 78 Mb
--- .aggr.gms(172) 78 Mb
--- ..domain.gms(63) 78 Mb
--- .aggr.gms(179) 78 Mb
--- ..chktarget.gms(18) 78 Mb
--- .aggr.gms(185) 78 Mb
--- gtapaggr.gms(63) 78 Mb
--- .aggr.gms(125) 78 Mb
--- ..checkset.gms(82) 78 Mb
--- .aggr.gms(158) 78 Mb
--- ..checkset.gms(82) 78 Mb
--- .aggr.gms(172) 78 Mb
--- ..domain.gms(63) 78 Mb
--- .aggr.gms(179) 78 Mb
--- ..chktarget.gms(18) 78 Mb
--- .aggr.gms(185) 78 Mb
--- gtapaggr.gms(65) 78 Mb
--- .aggr.gms(125) 78 Mb
--- ..checkset.gms(82) 78 Mb
--- .aggr.gms(158) 78 Mb
--- ..checkset.gms(82) 78 Mb
--- .aggr.gms(191) 78 Mb
--- ..checkset.gms(82) 78 Mb
--- .aggr.gms(205) 78 Mb
--- ..domain.gms(74) 78 Mb
--- .aggr.gms(212) 78 Mb
--- ..chktarget.gms(18) 78 Mb
--- .aggr.gms(220) 78 Mb
--- gtapaggr.gms(67) 78 Mb
--- .aggr.gms(125) 78 Mb
--- ..checkset.gms(82) 78 Mb
--- .aggr.gms(158) 78 Mb
--- ..checkset.gms(82) 78 Mb
--- .aggr.gms(191) 78 Mb
--- ..checkset.gms(82) 78 Mb
--- .aggr.gms(205) 78 Mb
--- ..domain.gms(74) 78 Mb
--- .aggr.gms(212) 78 Mb
--- ..chktarget.gms(18) 78 Mb
--- .aggr.gms(220) 78 Mb
--- gtapaggr.gms(69) 78 Mb
--- .aggr.gms(125) 78 Mb
--- ..checkset.gms(82) 78 Mb
--- .aggr.gms(158) 78 Mb
--- ..checkset.gms(82) 78 Mb
--- .aggr.gms(191) 78 Mb
--- ..checkset.gms(82) 78 Mb
--- .aggr.gms(205) 78 Mb
--- ..domain.gms(74) 78 Mb
--- .aggr.gms(212) 78 Mb
--- ..chktarget.gms(18) 78 Mb
--- .aggr.gms(220) 78 Mb
--- gtapaggr.gms(71) 78 Mb
--- .aggr.gms(125) 78 Mb
--- ..checkset.gms(82) 78 Mb
--- .aggr.gms(158) 78 Mb
--- ..checkset.gms(82) 78 Mb
--- .aggr.gms(191) 78 Mb
--- ..checkset.gms(82) 78 Mb
--- .aggr.gms(205) 78 Mb
--- ..domain.gms(74) 78 Mb
--- .aggr.gms(212) 78 Mb
--- ..chktarget.gms(18) 78 Mb
--- .aggr.gms(220) 78 Mb
--- gtapaggr.gms(73) 78 Mb
--- .aggr.gms(125) 78 Mb
--- ..checkset.gms(82) 78 Mb
--- .aggr.gms(158) 78 Mb
--- ..checkset.gms(82) 78 Mb
--- .aggr.gms(191) 78 Mb
--- ..checkset.gms(82) 78 Mb
--- .aggr.gms(205) 78 Mb
--- ..domain.gms(74) 78 Mb
--- .aggr.gms(212) 78 Mb
--- ..chktarget.gms(18) 78 Mb
--- .aggr.gms(220) 78 Mb
--- gtapaggr.gms(75) 78 Mb
--- .aggr.gms(125) 78 Mb
--- ..checkset.gms(82) 78 Mb
--- .aggr.gms(158) 78 Mb
--- ..checkset.gms(82) 78 Mb
--- .aggr.gms(191) 78 Mb
--- ..checkset.gms(82) 78 Mb
--- .aggr.gms(205) 78 Mb
--- ..domain.gms(74) 78 Mb
--- .aggr.gms(212) 78 Mb
--- ..chktarget.gms(18) 78 Mb
--- .aggr.gms(220) 78 Mb
--- gtapaggr.gms(77) 78 Mb
--- .aggr.gms(125) 78 Mb
--- ..checkset.gms(82) 78 Mb
--- .aggr.gms(158) 78 Mb
--- ..checkset.gms(82) 78 Mb
--- .aggr.gms(191) 78 Mb
--- ..checkset.gms(82) 78 Mb
--- .aggr.gms(205) 78 Mb
--- ..domain.gms(74) 78 Mb
--- .aggr.gms(212) 78 Mb
--- ..chktarget.gms(18) 78 Mb
--- .aggr.gms(220) 78 Mb
--- gtapaggr.gms(79) 78 Mb
--- .aggr.gms(125) 78 Mb
--- ..checkset.gms(82) 78 Mb
--- .aggr.gms(158) 78 Mb
--- ..checkset.gms(82) 78 Mb
--- .aggr.gms(191) 78 Mb
--- ..checkset.gms(82) 78 Mb
--- .aggr.gms(205) 78 Mb
--- ..domain.gms(74) 78 Mb
--- .aggr.gms(212) 78 Mb
--- ..chktarget.gms(18) 78 Mb
--- .aggr.gms(220) 78 Mb
--- gtapaggr.gms(81) 78 Mb
--- .aggr.gms(125) 78 Mb
--- ..checkset.gms(82) 78 Mb
--- .aggr.gms(158) 78 Mb
--- ..checkset.gms(82) 78 Mb
--- .aggr.gms(191) 78 Mb
--- ..checkset.gms(82) 78 Mb
--- .aggr.gms(205) 78 Mb
--- ..domain.gms(74) 78 Mb
--- .aggr.gms(212) 78 Mb
--- ..chktarget.gms(18) 78 Mb
--- .aggr.gms(220) 78 Mb
--- gtapaggr.gms(83) 78 Mb
--- .aggr.gms(125) 78 Mb
--- ..checkset.gms(82) 78 Mb
--- .aggr.gms(158) 78 Mb
--- ..checkset.gms(82) 78 Mb
--- .aggr.gms(191) 78 Mb
--- ..checkset.gms(82) 78 Mb
--- .aggr.gms(225) 78 Mb
--- ..checkset.gms(82) 78 Mb
--- .aggr.gms(237) 78 Mb
--- ..domain.gms(85) 78 Mb
--- .aggr.gms(244) 78 Mb
--- ..chktarget.gms(18) 78 Mb
--- .aggr.gms(252) 78 Mb
--- gtapaggr.gms(98) 78 Mb
--- .aggr.gms(125) 78 Mb
--- ..checkset.gms(82) 78 Mb
--- .aggr.gms(158) 78 Mb
--- ..checkset.gms(82) 78 Mb
--- .aggr.gms(172) 78 Mb
--- ..domain.gms(63) 78 Mb
--- .aggr.gms(179) 78 Mb
--- ..chktarget.gms(18) 78 Mb
--- .aggr.gms(185) 78 Mb
--- gtapaggr.gms(100) 78 Mb
--- .aggr.gms(125) 78 Mb
--- ..checkset.gms(82) 78 Mb
--- .aggr.gms(158) 78 Mb
--- ..checkset.gms(82) 78 Mb
--- .aggr.gms(191) 78 Mb
--- ..checkset.gms(82) 78 Mb
--- .aggr.gms(205) 78 Mb
--- ..domain.gms(74) 78 Mb
--- .aggr.gms(212) 78 Mb
--- ..chktarget.gms(18) 78 Mb
--- .aggr.gms(220) 78 Mb
--- gtapaggr.gms(102) 78 Mb
--- .aggr.gms(125) 78 Mb
--- ..checkset.gms(82) 78 Mb
--- .aggr.gms(158) 78 Mb
--- ..checkset.gms(82) 78 Mb
--- .aggr.gms(191) 78 Mb
--- ..checkset.gms(82) 78 Mb
--- .aggr.gms(205) 78 Mb
--- ..domain.gms(74) 78 Mb
--- .aggr.gms(212) 78 Mb
--- ..chktarget.gms(18) 78 Mb
--- .aggr.gms(220) 78 Mb
--- gtapaggr.gms(104) 78 Mb
--- .aggr.gms(125) 78 Mb
--- ..checkset.gms(82) 78 Mb
--- .aggr.gms(158) 78 Mb
--- ..checkset.gms(82) 78 Mb
--- .aggr.gms(191) 78 Mb
--- ..checkset.gms(82) 78 Mb
--- .aggr.gms(205) 78 Mb
--- ..domain.gms(74) 78 Mb
--- .aggr.gms(212) 78 Mb
--- ..chktarget.gms(18) 78 Mb
--- .aggr.gms(220) 78 Mb
--- gtapaggr.gms(106) 78 Mb
--- .aggr.gms(125) 78 Mb
--- ..checkset.gms(82) 78 Mb
--- .aggr.gms(158) 78 Mb
--- ..checkset.gms(82) 78 Mb
--- .aggr.gms(191) 78 Mb
--- ..checkset.gms(82) 78 Mb
--- .aggr.gms(205) 78 Mb
--- ..domain.gms(74) 78 Mb
--- .aggr.gms(212) 78 Mb
--- ..chktarget.gms(18) 78 Mb
--- .aggr.gms(220) 78 Mb
--- gtapaggr.gms(108) 78 Mb
--- .aggr.gms(125) 78 Mb
--- ..checkset.gms(82) 78 Mb
--- .aggr.gms(158) 78 Mb
--- ..checkset.gms(82) 78 Mb
--- .aggr.gms(191) 78 Mb
--- ..checkset.gms(82) 78 Mb
--- .aggr.gms(205) 78 Mb
--- ..domain.gms(74) 78 Mb
--- .aggr.gms(212) 78 Mb
--- ..chktarget.gms(18) 78 Mb
--- .aggr.gms(220) 78 Mb
--- gtapaggr.gms(167) 78 Mb
--- Starting execution: elapsed 0:00:00.484
--- gtapaggr.gms(5311) 292 Mb
--- Putfile ktitle d:\ec.lochalpineeconomics.com\gtap\gtap9\build\ktitle.put
*** Status: Normal completion
--- Job gtapaggr.gms Stop 05/26/15 23:30:49 elapsed 0:00:53.587
