--- Job read_merged.gms Start 11/28/21 15:32:03 34.3.0 rac355f3 WEX-WEI x86 64bit/MS Windows
--- Applying:
    C:\GAMS\34\gmsprmNT.txt
--- GAMS Parameters defined
    Input C:\Users\rolan\Documents\GitHub\NEWAGE_diss\results\diss\read_merged.gms
    PageSize 0
    ScrDir C:\Users\rolan\Documents\GitHub\NEWAGE_diss\results\diss\225a\
    SysDir C:\GAMS\34\
    LogOption 3
    ErrMsg 1
    ErrorLog 99
    IDE 1
    LstTitleLeftAligned 1
Licensee: Small MUD-5 User License                       S201102/0001AO-WIN
          University of Stuttgart, IER                             DC848-S4
          C:\GAMS\34\gamslice.txt
GAMS 34.3.0   Copyright (C) 1987-2021 GAMS Development. All rights reserved
--- Starting compilation
--- read_merged.gms(60) 2 Mb
--- Starting execution: elapsed 0:00:00.015
--- read_merged.gms(15) 3 Mb

GDXXRW           34.3.0 rac355f3 Released Feb 25, 2021 WEI x86 64bit/MS Window
Input file : C:\Users\rolan\Documents\GitHub\NEWAGE_diss\results\diss\210302\merged_results.gdx
Output file: C:\Users\rolan\Documents\GitHub\NEWAGE_diss\results\diss\report_pivot_merged_v22.xlsx
Adding new sheet: PA
Total time = 1797 Ms
*** Status: Normal completion
--- Job read_merged.gms Stop 11/28/21 15:32:05 elapsed 0:00:01.996
